[10/15/2025 6:33:48 PM] [WARNING] mysql_connect: no password specified
[10/15/2025 6:38:41 PM] [WARNING] mysql_connect: no password specified
[10/15/2025 6:44:19 PM] [WARNING] mysql_connect: no password specified
[10/15/2025 6:48:15 PM] [WARNING] mysql_connect: no password specified
[10/15/2025 6:52:51 PM] [WARNING] mysql_connect: no password specified
[10/15/2025 6:55:06 PM] [WARNING] mysql_connect: no password specified
[10/15/2025 6:57:48 PM] [WARNING] mysql_connect: no password specified
[10/15/2025 6:59:35 PM] [WARNING] mysql_connect: no password specified
[10/15/2025 7:04:15 PM] [WARNING] mysql_connect: no password specified
[10/15/2025 7:10:43 PM] [WARNING] mysql_connect: no password specified
[10/15/2025 7:14:54 PM] [WARNING] mysql_connect: no password specified
[10/15/2025 7:21:28 PM] [WARNING] mysql_connect: no password specified
[10/15/2025 7:25:23 PM] [WARNING] mysql_connect: no password specified
[10/15/2025 7:25:45 PM] [WARNING] mysql_connect: no password specified
[10/15/2025 7:30:47 PM] [WARNING] mysql_connect: no password specified
[10/15/2025 7:32:16 PM] [WARNING] mysql_connect: no password specified
[10/15/2025 7:56:43 PM] [WARNING] mysql_connect: no password specified
[10/15/2025 7:58:42 PM] [WARNING] mysql_connect: no password specified
[10/15/2025 7:58:54 PM] [WARNING] mysql_connect: no password specified
[10/15/2025 8:00:27 PM] [WARNING] mysql_connect: no password specified
[10/15/2025 8:23:31 PM] [WARNING] mysql_connect: no password specified
[10/15/2025 8:32:03 PM] [WARNING] mysql_connect: no password specified
[10/15/2025 8:37:24 PM] [WARNING] mysql_connect: no password specified
[10/15/2025 9:43:26 PM] [WARNING] mysql_connect: no password specified
[10/15/2025 9:58:26 PM] [WARNING] mysql_connect: no password specified
[10/15/2025 10:21:08 PM] [WARNING] mysql_connect: no password specified
[10/15/2025 10:23:30 PM] [ERROR] mysql_format: no value for specifier '%.' passed
[10/15/2025 10:23:30 PM] [ERROR] error #1065 while executing query "": Query was empty
[10/15/2025 10:24:11 PM] [WARNING] mysql_connect: no password specified
[10/15/2025 10:24:57 PM] [ERROR] error #1064 while executing query "UPDATE characters SET money = 0, level = 1, skinid = 99, health = 90.00, armor = 0.00, pos_x = 2182.5305, pos_y = -1774.2412, pos_z = 13.3671, pos_a = 8.1093 last_spawn = CURRENT_TIMESTAMP WHERE id = 50": You have an error in your SQL syntax; check the manual that corresponds to your MariaDB server version for the right syntax to use near 'last_spawn = CURRENT_TIMESTAMP WHERE id = 50' at line 1
[10/15/2025 10:26:00 PM] [WARNING] mysql_connect: no password specified
[10/15/2025 10:29:55 PM] [WARNING] mysql_connect: no password specified
[10/15/2025 10:30:42 PM] [ERROR] error #1064 while executing query "UPDATE characters SET money = 0, level = 1, skinid = 99, health = 50.00, armor = 0.00, pos_x = 2182.9563, pos_y = -1786.1350, pos_z = 13.3621, pos_a = 183.5775, last_spawn = CURRENT_TIMESTAMP, WHERE id = 50": You have an error in your SQL syntax; check the manual that corresponds to your MariaDB server version for the right syntax to use near 'WHERE id = 50' at line 1
[10/15/2025 10:34:58 PM] [WARNING] mysql_connect: no password specified
[10/15/2025 10:37:41 PM] [WARNING] mysql_connect: no password specified
[10/15/2025 10:52:15 PM] [WARNING] mysql_connect: no password specified
[10/15/2025 10:53:21 PM] [WARNING] mysql_connect: no password specified
[10/15/2025 10:56:52 PM] [WARNING] mysql_connect: no password specified
[10/15/2025 11:01:53 PM] [WARNING] mysql_connect: no password specified
[10/15/2025 11:12:13 PM] [WARNING] mysql_connect: no password specified
[10/15/2025 11:18:34 PM] [WARNING] mysql_connect: no password specified
[10/15/2025 11:27:53 PM] [WARNING] mysql_connect: no password specified
[10/15/2025 11:31:12 PM] [WARNING] mysql_connect: no password specified
[10/15/2025 11:33:39 PM] [WARNING] mysql_connect: no password specified
[10/15/2025 11:39:07 PM] [WARNING] mysql_connect: no password specified
[10/15/2025 11:41:32 PM] [WARNING] mysql_connect: no password specified
[10/15/2025 11:53:27 PM] [WARNING] mysql_connect: no password specified
[10/15/2025 11:55:31 PM] [WARNING] mysql_connect: no password specified
[10/15/2025 11:58:39 PM] [WARNING] mysql_connect: no password specified
[10/16/2025 12:00:20 AM] [WARNING] mysql_connect: no password specified
[10/16/2025 12:01:51 AM] [WARNING] mysql_connect: no password specified
[10/16/2025 12:10:04 AM] [WARNING] mysql_connect: no password specified
[10/16/2025 12:27:42 AM] [WARNING] mysql_connect: no password specified
[10/16/2025 12:28:29 AM] [WARNING] mysql_connect: no password specified
